/usr/local/bin/addpyshebangtopy.sh
/usr/local/bin/cleaner.sh
/usr/local/bin/forensics.sh
/usr/local/bin/increment.sh
/usr/local/bin/mastercleaner.sh
/usr/local/bin/omisystemx11.py
/usr/local/bin/omnisint/DumpsterDiver.py
/usr/local/bin/omnisint/InstagramOSINT.py
/usr/local/bin/omnisint/caseconnector.sh
/usr/local/bin/omnisint/compiled/combined/MyReconReport.sh
/usr/local/bin/omnisint/compiled/combined/aggregate-partiton.sh
/usr/local/bin/omnisint/compiled/combined/auditd-install.sh
/usr/local/bin/omnisint/compiled/combined/bettercap-shell-menu-extended.sh
/usr/local/bin/omnisint/compiled/combined/bettercap-shell-menu.sh
/usr/local/bin/omnisint/compiled/combined/conf-menu-edit.sh
/usr/local/bin/omnisint/compiled/combined/configs-admin.sh
/usr/local/bin/omnisint/compiled/combined/cron-manager-menu.sh
/usr/local/bin/omnisint/compiled/combined/differential-backup.sh
/usr/local/bin/omnisint/compiled/combined/disaster-recovery-system-failure.sh
/usr/local/bin/omnisint/compiled/combined/disk-usage-warning.sh
/usr/local/bin/omnisint/compiled/combined/docker-backup.sh
/usr/local/bin/omnisint/compiled/combined/file-recovery-by-date.sh
/usr/local/bin/omnisint/compiled/combined/file-recovery.sh
/usr/local/bin/omnisint/compiled/combined/genlogwarningreport.sh
/usr/local/bin/omnisint/compiled/combined/ifcommandnotheninstall.sh
/usr/local/bin/omnisint/compiled/combined/imgiso_system.sh
/usr/local/bin/omnisint/compiled/combined/infogather.sh
/usr/local/bin/omnisint/compiled/combined/journalctl-menu.sh
/usr/local/bin/omnisint/compiled/combined/livelogdebug.sh
/usr/local/bin/omnisint/compiled/combined/mysqlDb_baseline.sh
/usr/local/bin/omnisint/compiled/combined/mysystemenu.sh
/usr/local/bin/omnisint/compiled/combined/networkforensics.sh
/usr/local/bin/omnisint/compiled/combined/ngrokssh.sh
/usr/local/bin/omnisint/compiled/combined/omnisint-aptclone.sh
/usr/local/bin/omnisint/compiled/combined/omnisint-sqlbackend-backup.sh
/usr/local/bin/omnisint/compiled/combined/osint_menu.sh
/usr/local/bin/omnisint/compiled/combined/partition_check.sh
/usr/local/bin/omnisint/compiled/combined/partition_copy.sh
/usr/local/bin/omnisint/compiled/combined/power_cycle.sh
/usr/local/bin/omnisint/compiled/combined/proactivesystemlogs.sh
/usr/local/bin/omnisint/compiled/combined/pxe.sh
/usr/local/bin/omnisint/compiled/combined/python-pip-depends-backup.sh
/usr/local/bin/omnisint/compiled/combined/recursive-background-process(1).sh
/usr/local/bin/omnisint/compiled/combined/recursive-background-process.sh
/usr/local/bin/omnisint/compiled/combined/remotediskimage.sh
/usr/local/bin/omnisint/compiled/combined/scrapelinksread.sh
/usr/local/bin/omnisint/compiled/combined/setup-repos.sh
/usr/local/bin/omnisint/compiled/combined/setxdisplayssh.sh
/usr/local/bin/omnisint/compiled/combined/spool.init.forensics.sh
/usr/local/bin/omnisint/compiled/combined/ssh-keygen-menu.sh
/usr/local/bin/omnisint/compiled/combined/sshfs-remote-diskimage.sh
/usr/local/bin/omnisint/compiled/combined/sshfs-remote-diskimage2.sh
/usr/local/bin/omnisint/compiled/combined/sslsuite-menu.sh
/usr/local/bin/omnisint/compiled/combined/staticipubuntu.sh
/usr/local/bin/omnisint/compiled/combined/systemctl-main-menu.sh
/usr/local/bin/omnisint/compiled/combined/threshold.sh
/usr/local/bin/omnisint/compiled/combined/undeletedirectory.sh
/usr/local/bin/omnisint/compiled/combined/unfurl-github-install.sh
/usr/local/bin/omnisint/compiled/combined/uninstall-wordpress.sh
/usr/local/bin/omnisint/compiled/combined/update_heimdall.sh
/usr/local/bin/omnisint/compiled/combined/user-installed-packages-backup.sh
/usr/local/bin/omnisint/compiled/combined/windows-usb.sh
/usr/local/bin/omnisint/compiled/combined/wireshark_menu.sh
/usr/local/bin/omnisint/compiled/combined/wordpress-install.sh
/usr/local/bin/omnisint/esp_rfc2217_server.py
/usr/local/bin/omnisint/espefuse.py
/usr/local/bin/omnisint/espsecure.py
/usr/local/bin/omnisint/esptool.py
/usr/local/bin/omnisint/menus/bash-menus/scriptmenumaker.sh
/usr/local/bin/omnisint/menus/bash-menus/sslsuite-menu.sh
/usr/local/bin/omnisint/menus/bash-menus/wireshark_menu.sh
/usr/local/bin/omnisint/menus/ssh-keygen-menu.sh
/usr/local/bin/omnisint/omniscrape/STEALTHIS-SSN/officialusasrc.sh
/usr/local/bin/omnisint/omniscrape/STEALTHIS-SSN/stealurssn.py
/usr/local/bin/omnisint/omniscrape/extract-github-repos.sh
/usr/local/bin/omnisint/omniscrape/mkmydbtables.sh
/usr/local/bin/omnisint/omniscrape/osint_menu.sh
/usr/local/bin/omnisint/omniscrape/osintdbemailscrape.sh
/usr/local/bin/omnisint/omniscrape/osintdblinkscrape.sh
/usr/local/bin/omnisint/omniscrape/osintdbscrapeaddress.sh
/usr/local/bin/omnisint/omniscrape/osintdbscrapephone.sh
/usr/local/bin/omnisint/omniscrape/osintdbscrapeusernames.sh
/usr/local/bin/omnisint/omniscrape/scrapelinks-not-finished.sh
/usr/local/bin/omnisint/omniscrape/scrapelinksregex.sh
/usr/local/bin/omnisint/osintS34rCh.py
/usr/local/bin/omnisint/py/autoaimg.py
/usr/local/bin/omnisint/py/autoimgshot2.py
/usr/local/bin/omnisint/py/dbpy-forensics.py
/usr/local/bin/omnisint/py/osint_botgpt.py
/usr/local/bin/omnisint/py/processfbjson.py
/usr/local/bin/omnisint/py/pyshark.py
/usr/local/bin/omnisint/py/researchautomate.py
/usr/local/bin/omnisint/pyfor/init.recursive_pip.py
/usr/local/bin/omnisint/pyfor/init.recursive_pip2.py
/usr/local/bin/omnisint/pyfor/init.recursive_pip3.py
/usr/local/bin/omnisint/sh/disk-forensics-master.sh
/usr/local/bin/omnisint/sh/ncurses-dfir-menu-master.sh
/usr/local/bin/omnisint/standalone/arppoisoning-ng.sh
/usr/local/bin/omnisint/unfurl-github-install.sh
/usr/local/bin/omnisystem.py
/usr/local/bin/resource_monitor.sh
/usr/local/bin/stealthispii-gui.py
